<?xml version="1.0" encoding="UTF-8"?>
<!-- Generated by org.testng.reporters.JUnitReportReporter -->
<testsuite skipped="0" hostname="dell-PC" name="testcasesnew.Tc001_LoginSetcPage" tests="1" failures="0" timestamp="2019-10-02T22:22:23 IST" time="37.184" errors="0">
  <testcase name="setcTestCase" time="37.184" classname="testcasesnew.Tc001_LoginSetcPage"/>
</testsuite> <!-- testcasesnew.Tc001_LoginSetcPage -->
